<?xml version="1.0" encoding="UTF-8"?>
<testsuite xmlns:xsi="http://www.w3.org/2001/XMLSchema-instance" xsi:noNamespaceSchemaLocation="https://maven.apache.org/surefire/maven-surefire-plugin/xsd/surefire-test-report.xsd" name="MyTest" time="0.39" tests="11" errors="0" skipped="0" failures="0">
  <properties>
[...]
</properties>
  <testcase name="copyTest" classname="MyTest" time="0.027"/>
  <testcase name="zeroTest1" classname="MyTest" time="0"/>
  <testcase name="zeroTest2" classname="MyTest" time="0.001"/>
  <testcase name="moveTest" classname="MyTest" time="0.003"/>
  <testcase name="getH1Test" classname="MyTest" time="0"/>
  <testcase name="getH2Test" classname="MyTest" time="0"/>
  <testcase name="moveTest2" classname="MyTest" time="0"/>
  <testcase name="moveTest3" classname="MyTest" time="0"/>
  <testcase name="solutionTest" classname="MyTest" time="0.248"/>
  <testcase name="goalTest" classname="MyTest" time="0"/>
  <testcase name="solutionTest2" classname="MyTest" time="0.1"/>
</testsuite>