<?xml version="1.0" encoding="UTF-8"?>
<testsuite xmlns:xsi="http://www.w3.org/2001/XMLSchema-instance" xsi:noNamespaceSchemaLocation="https://maven.apache.org/surefire/maven-surefire-plugin/xsd/surefire-test-report.xsd" name="GenericStackTest" time="0.019" tests="21" errors="0" skipped="0" failures="0">
  <properties>
[...]
</properties>
  <testcase name="setGetLengthTest" classname="GenericStackTest" time="0.016"/>
  <testcase name="constructorTest" classname="GenericStackTest" time="0"/>
  <testcase name="popTestOneElement" classname="GenericStackTest" time="0"/>
  <testcase name="setGetTest" classname="GenericStackTest" time="0"/>
  <testcase name="listIteratorTest" classname="GenericStackTest" time="0"/>
  <testcase name="popTest" classname="GenericStackTest" time="0"/>
  <testcase name="popTestEmpty" classname="GenericStackTest" time="0"/>
  <testcase name="getSetHeadTest" classname="GenericStackTest" time="0"/>
  <testcase name="iteratorTest" classname="GenericStackTest" time="0"/>
  <testcase name="pushTestEmpty" classname="GenericStackTest" time="0"/>
  <testcase name="listIteratorTest2" classname="GenericStackTest" time="0"/>
  <testcase name="listIteratorTest3" classname="GenericStackTest" time="0"/>
  <testcase name="listIteratorTest4" classname="GenericStackTest" time="0"/>
  <testcase name="dumpListTest" classname="GenericStackTest" time="0"/>
  <testcase name="descendingIteratorTest2" classname="GenericStackTest" time="0"/>
  <testcase name="pushTest" classname="GenericStackTest" time="0"/>
  <testcase name="addGetTest" classname="GenericStackTest" time="0"/>
  <testcase name="descendingIteratorTest" classname="GenericStackTest" time="0"/>
  <testcase name="removeTailTest" classname="GenericStackTest" time="0"/>
  <testcase name="removeTailTest2" classname="GenericStackTest" time="0"/>
  <testcase name="removeTailTest3" classname="GenericStackTest" time="0"/>
</testsuite>